#
# An unexpected error has been detected by Java Runtime Environment:
#
#  EXCEPTION_ACCESS_VIOLATION (0xc0000005) at pc=0x0246c4a7, pid=5920, tid=9184
#
# Java VM: Java HotSpot(TM) Client VM (1.6.0_02-b06 mixed mode)
# Problematic frame:
# V  [jvm.dll+0x11c4a7]
#
# If you would like to submit a bug report, please visit:
#   http://java.sun.com/webapps/bugreport/crash.jsp
#

---------------  T H R E A D  ---------------

Current thread (0x0274bc00):  VMThread [id=9184]

siginfo: ExceptionCode=0xc0000005, reading address 0x00000000

Registers:
EAX=0x00000000, EBX=0x08995f90, ECX=0x01f8cfb0, EDX=0x0274c3c0
ESP=0x0c7efdbc, EBP=0x0274c7a4, ESI=0x0274a778, EDI=0x0274bfb0
EIP=0x0246c4a7, EFLAGS=0x00010202

Top of Stack: (sp=0x0c7efdbc)
0x0c7efdbc:   0d64fa14 0277fd88 0277ffb0 0277fd70
0x0c7efdcc:   0c7eff44 087a4028 08995f90 0d64fa14
0x0c7efddc:   0274a778 0274bfb0 0274bfb8 0274c3a4
0x0c7efdec:   0000000c 00000000 0249a756 0000000c
0x0c7efdfc:   0277ff80 00000001 0274bc00 02741bb8
0x0c7efe0c:   0274c3b0 0274c3bc 0274c7a4 0c7efed0
0x0c7efe1c:   01f8cfb0 0246cd67 0248f910 0274a778
0x0c7efe2c:   0274bfb8 0d64f9cc 0274bfb0 0246cd9f 

Instructions: (pc=0x0246c4a7)
0x0246c497:   e8 64 01 f9 ff 85 c0 0f 84 3f 01 00 00 8b 40 04
0x0246c4a7:   8b 08 49 0f 88 1e 01 00 00 8b 40 0c 8d 14 88 8b 


Stack: [0x0c7a0000,0x0c7f0000),  sp=0x0c7efdbc,  free space=319k
Native frames: (J=compiled Java code, j=interpreted, Vv=VM code, C=native code)
V  [jvm.dll+0x11c4a7]

VM_Operation (0x0d64f9cc): change breakpoints, mode: safepoint, requested by thread 0x0277f800


---------------  P R O C E S S  ---------------

Java Threads: ( => current thread )
  0x0278e000 JavaThread "Low Memory Detector" daemon [_thread_blocked, id=8068]
  0x02783800 JavaThread "CompilerThread0" daemon [_thread_blocked, id=4444]
  0x02782c00 JavaThread "JDWP Command Reader" daemon [_thread_in_native, id=6288]
  0x02781400 JavaThread "JDWP Event Helper Thread" daemon [_thread_blocked, id=3400]
  0x0277f800 JavaThread "JDWP Transport Listener: dt_socket" daemon [_thread_blocked, id=2484]
  0x0276f400 JavaThread "Attach Listener" daemon [_thread_blocked, id=4084]
  0x0276ec00 JavaThread "Signal Dispatcher" daemon [_thread_blocked, id=6628]
  0x02759000 JavaThread "Finalizer" daemon [_thread_blocked, id=7224]
  0x02750400 JavaThread "Reference Handler" daemon [_thread_blocked, id=8024]
  0x01f87c00 JavaThread "main" [_thread_blocked, id=8368]

Other Threads:
=>0x0274bc00 VMThread [id=9184]
  0x0278f800 WatcherThread [id=8760]

VM state:at safepoint (normal execution)

VM Mutex/Monitor currently owned by a thread:  ([mutex/lock_event])
[0x01f87388/0x00000140] Threads_lock - owner thread: 0x0274bc00

Heap
 def new generation   total 960K, used 564K [0x047a0000, 0x048a0000, 0x04c80000)
  eden space 896K,  62% used [0x047a0000, 0x0482d0c0, 0x04880000)
  from space 64K,   0% used [0x04880000, 0x04880000, 0x04890000)
  to   space 64K,   0% used [0x04890000, 0x04890000, 0x048a0000)
 tenured generation   total 4096K, used 0K [0x04c80000, 0x05080000, 0x087a0000)
   the space 4096K,   0% used [0x04c80000, 0x04c80000, 0x04c80200, 0x05080000)
 compacting perm gen  total 12288K, used 3142K [0x087a0000, 0x093a0000, 0x0c7a0000)
   the space 12288K,  25% used [0x087a0000, 0x08ab1b68, 0x08ab1c00, 0x093a0000)
No shared spaces configured.

Dynamic libraries:
0x00400000 - 0x00423000 	C:\Program Files (x86)\Java\jre1.6.0_02\bin\javaw.exe
0x77c90000 - 0x77e10000 	C:\Windows\SysWOW64\ntdll.dll
0x76fb0000 - 0x770c0000 	C:\Windows\syswow64\kernel32.dll
0x77430000 - 0x77477000 	C:\Windows\syswow64\KERNELBASE.dll
0x75db0000 - 0x75e51000 	C:\Windows\syswow64\ADVAPI32.dll
0x777e0000 - 0x7788c000 	C:\Windows\syswow64\msvcrt.dll
0x77480000 - 0x77499000 	C:\Windows\SysWOW64\sechost.dll
0x75b40000 - 0x75c30000 	C:\Windows\syswow64\RPCRT4.dll
0x755f0000 - 0x75650000 	C:\Windows\syswow64\SspiCli.dll
0x755e0000 - 0x755ec000 	C:\Windows\syswow64\CRYPTBASE.dll
0x76d90000 - 0x76e90000 	C:\Windows\syswow64\USER32.dll
0x756d0000 - 0x75760000 	C:\Windows\syswow64\GDI32.dll
0x772c0000 - 0x772ca000 	C:\Windows\syswow64\LPK.dll
0x76f00000 - 0x76f9d000 	C:\Windows\syswow64\USP10.dll
0x75940000 - 0x759a0000 	C:\Windows\system32\IMM32.DLL
0x774d0000 - 0x7759c000 	C:\Windows\syswow64\MSCTF.dll
0x72ff0000 - 0x7301b000 	c:\windows\syswow64\nvinit.dll
0x754c0000 - 0x754c9000 	C:\Windows\system32\VERSION.dll
0x0f000000 - 0x0f006000 	C:\Program Files (x86)\NVIDIA Corporation\CoProcManager\detoured.dll
0x6def0000 - 0x6df19000 	C:\Program Files (x86)\NVIDIA Corporation\CoProcManager\nvd3d9wrap.dll
0x759a0000 - 0x75b3d000 	C:\Windows\syswow64\SETUPAPI.dll
0x76e90000 - 0x76eb7000 	C:\Windows\syswow64\CFGMGR32.dll
0x75ee0000 - 0x75f6f000 	C:\Windows\syswow64\OLEAUT32.dll
0x772d0000 - 0x7742c000 	C:\Windows\syswow64\ole32.dll
0x75d50000 - 0x75d62000 	C:\Windows\syswow64\DEVOBJ.dll
0x6d9e0000 - 0x6d9fe000 	C:\Program Files (x86)\NVIDIA Corporation\CoProcManager\nvdxgiwrap.dll
0x7c340000 - 0x7c396000 	C:\Program Files (x86)\Java\jre1.6.0_02\bin\msvcr71.dll
0x02350000 - 0x02599000 	C:\Program Files (x86)\Java\jre1.6.0_02\bin\client\jvm.dll
0x750b0000 - 0x750e2000 	C:\Windows\system32\WINMM.dll
0x73510000 - 0x7355c000 	C:\Windows\system32\apphelp.dll
0x6d310000 - 0x6d318000 	C:\Program Files (x86)\Java\jre1.6.0_02\bin\hpi.dll
0x76fa0000 - 0x76fa5000 	C:\Windows\syswow64\PSAPI.DLL
0x6d400000 - 0x6d429000 	C:\Program Files (x86)\Java\jre1.6.0_02\bin\jdwp.dll
0x6d6c0000 - 0x6d6c6000 	C:\Program Files (x86)\Java\jre1.6.0_02\bin\npt.dll
0x6d770000 - 0x6d77c000 	C:\Program Files (x86)\Java\jre1.6.0_02\bin\verify.dll
0x6d3b0000 - 0x6d3cf000 	C:\Program Files (x86)\Java\jre1.6.0_02\bin\java.dll
0x6d7b0000 - 0x6d7bf000 	C:\Program Files (x86)\Java\jre1.6.0_02\bin\zip.dll
0x6d280000 - 0x6d287000 	C:\Program Files (x86)\Java\jre1.6.0_02\bin\dt_socket.dll
0x76ec0000 - 0x76ef5000 	C:\Windows\syswow64\WS2_32.dll
0x75d70000 - 0x75d76000 	C:\Windows\syswow64\NSI.dll
0x61fc0000 - 0x61fd0000 	C:\Windows\system32\NLAapi.dll
0x61fb0000 - 0x61fc0000 	C:\Windows\system32\napinsp.dll
0x61f90000 - 0x61fa2000 	C:\Windows\system32\pnrpnsp.dll
0x71810000 - 0x7184c000 	C:\Windows\System32\mswsock.dll
0x74f20000 - 0x74f64000 	C:\Windows\system32\DNSAPI.dll
0x61f80000 - 0x61f88000 	C:\Windows\System32\winrnr.dll
0x61f70000 - 0x61f7d000 	C:\Windows\system32\wshbth.dll
0x6e200000 - 0x6e224000 	C:\Program Files (x86)\Common Files\Microsoft Shared\Windows Live\WLIDNSP.DLL
0x760b0000 - 0x76107000 	C:\Windows\syswow64\SHLWAPI.dll
0x6e1d0000 - 0x6e1f1000 	C:\Program Files (x86)\Bonjour\mdnsNSP.dll
0x752b0000 - 0x752cc000 	C:\Windows\system32\Iphlpapi.DLL
0x752a0000 - 0x752a7000 	C:\Windows\system32\WINNSI.DLL
0x67a80000 - 0x67ab8000 	C:\Windows\System32\fwpuclnt.dll
0x67ac0000 - 0x67ac6000 	C:\Windows\system32\rasadhlp.dll
0x10000000 - 0x10029000 	C:\Windows\system32\XLaccLSP.dll
0x71800000 - 0x71805000 	C:\Windows\System32\wshtcpip.dll
0x6d000000 - 0x6d1c3000 	C:\Program Files (x86)\Java\jre1.6.0_02\bin\awt.dll
0x6e530000 - 0x6e581000 	C:\Windows\system32\WINSPOOL.DRV

VM Arguments:
jvm_args: -agentlib:jdwp=transport=dt_socket,suspend=y,address=localhost:55518
java_command: CheckerboardKarel code=CheckerboardKarel.class
Launcher Type: SUN_STANDARD

Environment Variables:
CLASSPATH=D:\Tools\tools for study\lib\win64\lindo8_0.jar
PATH=E:\cplex\opl\bin\x64_win64;E:\cplex\opl\oplide\;E:\cplex\cplex\bin\x64_win64;E:\cplex\cpoptimizer\bin\x64_win64;E:\Cplex\opl\bin\x64_win64;E:\Cplex\opl\oplide\;E:\Cplex\cplex\bin\x64_win64;E:\Cplex\cpoptimizer\bin\x64_win64;C:\Program Files\Common Files\Microsoft Shared\Windows Live;D:\Tools\tools for study\bin\win64;C:\Program Files (x86)\Intel\iCLS Client\;C:\Program Files\Intel\iCLS Client\;C:\Windows\system32;C:\Windows;C:\Windows\System32\Wbem;C:\Windows\System32\WindowsPowerShell\v1.0\;C:\Program Files\Intel\Intel(R) Management Engine Components\DAL;C:\Program Files\Intel\Intel(R) Management Engine Components\IPT;C:\Program Files (x86)\Intel\Intel(R) Management Engine Components\DAL;C:\Program Files (x86)\Intel\Intel(R) Management Engine Components\IPT;C:\Program Files\MiKTeX\miktex\bin\x64\;E:\bin;C:\Program Files (x86)\NVIDIA Corporation\PhysX\Common;C:\Program Files (x86)\Skype\Phone\;C:\Program Files\MySQL\mysql5626\bin;C:\Program Files\Common Files\Microsoft Shared\Windows Live
USERNAME=Felix
OS=Windows_NT
PROCESSOR_IDENTIFIER=Intel64 Family 6 Model 60 Stepping 3, GenuineIntel



---------------  S Y S T E M  ---------------

OS: Windows NT 6.1 Build 7601 Service Pack 1

CPU:total 8 (8 cores per cpu, 2 threads per core) family 6 model 12 stepping 3, cmov, cx8, fxsr, mmx, sse, sse2, sse3, ssse3, ht

Memory: 4k page, physical 4194303k(4194303k free), swap 4194303k(4194303k free)

vm_info: Java HotSpot(TM) Client VM (1.6.0_02-b06) for windows-x86, built on Jul 12 2007 01:16:14 by "java_re" with unknown MS VC++:1310

